<?xml version="1.0" encoding="UTF-8"?>
<!-- Generated by org.testng.reporters.JUnitReportReporter -->
<testsuite hostname="dell-PC" name="pkg.class1" tests="1" failures="0" timestamp="7 Jul 2022 06:05:14 GMT" time="0.020" errors="0">
  <testcase name="method" time="0.020" classname="pkg.class1"/>
</testsuite> <!-- pkg.class1 -->
